#
# There is insufficient memory for the Java Runtime Environment to continue.
# Native memory allocation (mmap) failed to map 171966464 bytes. Error detail: G1 virtual space
# Possible reasons:
#   The system is out of physical RAM or swap space
#   This process is running with CompressedOops enabled, and the Java Heap may be blocking the growth of the native heap
# Possible solutions:
#   Reduce memory load on the system
#   Increase physical memory or swap space
#   Check if swap backing store is full
#   Decrease Java heap size (-Xmx/-Xms)
#   Decrease number of Java threads
#   Decrease Java thread stack sizes (-Xss)
#   Set larger code cache with -XX:ReservedCodeCacheSize=
#   JVM is running with Zero Based Compressed Oops mode in which the Java heap is
#     placed in the first 32GB address space. The Java Heap base address is the
#     maximum limit for the native heap growth. Please use -XX:HeapBaseMinAddress
#     to set the Java Heap base and to place the Java Heap above 32GB virtual address.
# This output file may be truncated or incomplete.
#
#  Out of Memory Error (os_windows.cpp:3925), pid=11948, tid=2536
#
# JRE version: OpenJDK Runtime Environment (21.0.8) (build 21.0.8+-14196175-b1038.72)
# Java VM: OpenJDK 64-Bit Server VM (21.0.8+-14196175-b1038.72, mixed mode, tiered, compressed oops, compressed class ptrs, g1 gc, windows-amd64)
# No core dump will be written. Minidumps are not enabled by default on client versions of Windows
#

---------------  S U M M A R Y ------------

Command Line: --add-opens=java.base/java.lang=ALL-UNNAMED --add-opens=java.base/java.lang.invoke=ALL-UNNAMED --add-opens=java.base/java.util=ALL-UNNAMED --add-opens=java.prefs/java.util.prefs=ALL-UNNAMED --add-exports=jdk.compiler/com.sun.tools.javac.api=ALL-UNNAMED --add-exports=jdk.compiler/com.sun.tools.javac.util=ALL-UNNAMED --add-opens=java.base/java.util=ALL-UNNAMED --add-opens=java.prefs/java.util.prefs=ALL-UNNAMED --add-opens=java.base/java.nio.charset=ALL-UNNAMED --add-opens=java.base/java.net=ALL-UNNAMED --add-opens=java.base/java.util.concurrent.atomic=ALL-UNNAMED --add-opens=java.xml/javax.xml.namespace=ALL-UNNAMED -XX:MaxMetaspaceSize=4G -XX:ReservedCodeCacheSize=512m -XX:+HeapDumpOnOutOfMemoryError -Xmx8G -Dfile.encoding=UTF-8 -Duser.country=ID -Duser.language=en -Duser.variant -javaagent:C:\Users\tinas\.gradle\wrapper\dists\gradle-8.14-all\c2qonpi39x1mddn7hk5gh9iqj\gradle-8.14\lib\agents\gradle-instrumentation-agent-8.14.jar org.gradle.launcher.daemon.bootstrap.GradleDaemon 8.14

Host: Intel(R) Core(TM) i3-3120M CPU @ 2.50GHz, 4 cores, 3G,  Windows 10 , 64 bit Build 19041 (10.0.19041.5915)
Time: Fri Jan 23 06:57:02 2026 SE Asia Standard Time elapsed time: 2501.505252 seconds (0d 0h 41m 41s)

---------------  T H R E A D  ---------------

Current thread (0x0000025ef61d9660):  VMThread "VM Thread"          [id=2536, stack(0x000000edae400000,0x000000edae500000) (1024K)]

Stack: [0x000000edae400000,0x000000edae500000]
Native frames: (J=compiled Java code, j=interpreted, Vv=VM code, C=native code)
V  [jvm.dll+0x6d68d9]
V  [jvm.dll+0x866693]
V  [jvm.dll+0x868c4e]
V  [jvm.dll+0x869333]
V  [jvm.dll+0x280566]
V  [jvm.dll+0x6d3195]
V  [jvm.dll+0x6c69ea]
V  [jvm.dll+0x3586db]
V  [jvm.dll+0x360336]
V  [jvm.dll+0x3b23f6]
V  [jvm.dll+0x3b26c8]
V  [jvm.dll+0x32ae6c]
V  [jvm.dll+0x32aef7]
V  [jvm.dll+0x370d3c]
V  [jvm.dll+0x36f4ee]
V  [jvm.dll+0x32a5c1]
V  [jvm.dll+0x36ebf0]
V  [jvm.dll+0x86f0b8]
V  [jvm.dll+0x870434]
V  [jvm.dll+0x870970]
V  [jvm.dll+0x870c03]
V  [jvm.dll+0x80eac8]
V  [jvm.dll+0x6d512d]
C  [ucrtbase.dll+0x21bb2]
C  [KERNEL32.DLL+0x17374]
C  [ntdll.dll+0x4cc91]

VM_Operation (0x000000edb25f9b30): G1CollectForAllocation, mode: safepoint, requested by thread 0x0000025efef2ec10


---------------  P R O C E S S  ---------------

Threads class SMR info:
_java_thread_list=0x0000025efee61ce0, length=65, elements={
0x0000025ee69915d0, 0x0000025ef638c3e0, 0x0000025ef639b730, 0x0000025ef639c190,
0x0000025ef639cbf0, 0x0000025ef63aeab0, 0x0000025ef63af510, 0x0000025ef63aff70,
0x0000025ef63b1d10, 0x0000025ef641b190, 0x0000025ef6678b60, 0x0000025efbfce410,
0x0000025ef6ab82e0, 0x0000025efb2f7cc0, 0x0000025efc039110, 0x0000025efc0383f0,
0x0000025efc037040, 0x0000025efc80dbd0, 0x0000025efc808d10, 0x0000025efc807960,
0x0000025efe989a30, 0x0000025efc80c820, 0x0000025efc80a0c0, 0x0000025efc80b470,
0x0000025efc80a750, 0x0000025efc80d540, 0x0000025efc80e260, 0x0000025efc8072d0,
0x0000025eff0084f0, 0x0000025eff008b80, 0x0000025eff00da40, 0x0000025eff007e60,
0x0000025eff00f480, 0x0000025eff00c000, 0x0000025eff00b970, 0x0000025eff00c690,
0x0000025eff009210, 0x0000025eff0098a0, 0x0000025eff009f30, 0x0000025eff00a5c0,
0x0000025eff00ac50, 0x0000025eff00b2e0, 0x0000025eff00e0d0, 0x0000025eff00cd20,
0x0000025eff00e760, 0x0000025efe988680, 0x0000025efe98dbd0, 0x0000025efe988d10,
0x0000025efe9893a0, 0x0000025efe98bb00, 0x0000025efe98d540, 0x0000025efe98e8f0,
0x0000025efe987960, 0x0000025efe98a750, 0x0000025efe98ade0, 0x0000025efc03a4c0,
0x0000025efc0376d0, 0x0000025efc037d60, 0x0000025efc0397a0, 0x0000025efef29d50,
0x0000025efef296c0, 0x0000025efef2c4b0, 0x0000025efef2d1d0, 0x0000025efef2ec10,
0x0000025efef2def0
}

Java Threads: ( => current thread )
  0x0000025ee69915d0 JavaThread "main"                              [_thread_blocked, id=6120, stack(0x000000edadd00000,0x000000edade00000) (1024K)]
  0x0000025ef638c3e0 JavaThread "Common-Cleaner"             daemon [_thread_blocked, id=13228, stack(0x000000edae500000,0x000000edae600000) (1024K)]
  0x0000025ef639b730 JavaThread "Reference Handler"          daemon [_thread_blocked, id=5664, stack(0x000000edae600000,0x000000edae700000) (1024K)]
  0x0000025ef639c190 JavaThread "Finalizer"                  daemon [_thread_blocked, id=8508, stack(0x000000edae700000,0x000000edae800000) (1024K)]
  0x0000025ef639cbf0 JavaThread "Signal Dispatcher"          daemon [_thread_blocked, id=2848, stack(0x000000edae800000,0x000000edae900000) (1024K)]
  0x0000025ef63aeab0 JavaThread "Attach Listener"            daemon [_thread_blocked, id=6248, stack(0x000000edae900000,0x000000edaea00000) (1024K)]
  0x0000025ef63af510 JavaThread "Service Thread"             daemon [_thread_blocked, id=2296, stack(0x000000edaea00000,0x000000edaeb00000) (1024K)]
  0x0000025ef63aff70 JavaThread "Monitor Deflation Thread"   daemon [_thread_blocked, id=8076, stack(0x000000edaeb00000,0x000000edaec00000) (1024K)]
  0x0000025ef63b1d10 JavaThread "C2 CompilerThread0"         daemon [_thread_blocked, id=10652, stack(0x000000edaec00000,0x000000edaed00000) (1024K)]
  0x0000025ef641b190 JavaThread "C1 CompilerThread0"         daemon [_thread_blocked, id=9944, stack(0x000000edaed00000,0x000000edaee00000) (1024K)]
  0x0000025ef6678b60 JavaThread "Notification Thread"        daemon [_thread_blocked, id=8244, stack(0x000000edaee00000,0x000000edaef00000) (1024K)]
  0x0000025efbfce410 JavaThread "Daemon health stats"               [_thread_blocked, id=12356, stack(0x000000edaf200000,0x000000edaf300000) (1024K)]
  0x0000025ef6ab82e0 JavaThread "Incoming local TCP Connector on port 49869"        [_thread_in_native, id=8796, stack(0x000000edaf300000,0x000000edaf400000) (1024K)]
  0x0000025efb2f7cc0 JavaThread "Daemon periodic checks"            [_thread_blocked, id=4492, stack(0x000000edaf400000,0x000000edaf500000) (1024K)]
  0x0000025efc039110 JavaThread "Cache worker for journal cache (C:\Users\tinas\.gradle\caches\journal-1)"        [_thread_blocked, id=9100, stack(0x000000edafc00000,0x000000edafd00000) (1024K)]
  0x0000025efc0383f0 JavaThread "File lock request listener"        [_thread_in_native, id=3760, stack(0x000000edafd00000,0x000000edafe00000) (1024K)]
  0x0000025efc037040 JavaThread "Cache worker for file hash cache (C:\Users\tinas\.gradle\caches\8.14\fileHashes)"        [_thread_blocked, id=6104, stack(0x000000edafe00000,0x000000edaff00000) (1024K)]
  0x0000025efc80dbd0 JavaThread "File watcher server"        daemon [_thread_in_native, id=2300, stack(0x000000edb0100000,0x000000edb0200000) (1024K)]
  0x0000025efc808d10 JavaThread "File watcher consumer"      daemon [_thread_blocked, id=9544, stack(0x000000edb0200000,0x000000edb0300000) (1024K)]
  0x0000025efc807960 JavaThread "Cache worker for file content cache (C:\Users\tinas\.gradle\caches\8.14\fileContent)"        [_thread_blocked, id=8212, stack(0x000000edb0400000,0x000000edb0500000) (1024K)]
  0x0000025efe989a30 JavaThread "Memory manager"                    [_thread_blocked, id=9852, stack(0x000000edb1100000,0x000000edb1200000) (1024K)]
  0x0000025efc80c820 JavaThread "Daemon Thread 3"                   [_thread_blocked, id=7008, stack(0x000000edadb00000,0x000000edadc00000) (1024K)]
  0x0000025efc80a0c0 JavaThread "Handler for socket connection from /127.0.0.1:49869 to /127.0.0.1:53145"        [_thread_in_native, id=2984, stack(0x000000edadc00000,0x000000edadd00000) (1024K)]
  0x0000025efc80b470 JavaThread "Cancel handler"                    [_thread_blocked, id=7252, stack(0x000000edaf500000,0x000000edaf600000) (1024K)]
  0x0000025efc80a750 JavaThread "Daemon worker Thread 3"            [_thread_blocked, id=5576, stack(0x000000edaf600000,0x000000edaf700000) (1024K)]
  0x0000025efc80d540 JavaThread "Asynchronous log dispatcher for DefaultDaemonConnection: socket connection from /127.0.0.1:49869 to /127.0.0.1:53145"        [_thread_blocked, id=15672, stack(0x000000edaf700000,0x000000edaf800000) (1024K)]
  0x0000025efc80e260 JavaThread "Stdin handler"                     [_thread_blocked, id=7020, stack(0x000000edaf800000,0x000000edaf900000) (1024K)]
  0x0000025efc8072d0 JavaThread "Daemon client event forwarder"        [_thread_blocked, id=1384, stack(0x000000edaf900000,0x000000edafa00000) (1024K)]
  0x0000025eff0084f0 JavaThread "Cache worker for file hash cache (D:\Android\Projects\movie_collection_app\android\.gradle\8.14\fileHashes)"        [_thread_blocked, id=14792, stack(0x000000edafa00000,0x000000edafb00000) (1024K)]
  0x0000025eff008b80 JavaThread "Cache worker for Build Output Cleanup Cache (D:\Android\Projects\movie_collection_app\android\.gradle\buildOutputCleanup)"        [_thread_blocked, id=15864, stack(0x000000edafb00000,0x000000edafc00000) (1024K)]
  0x0000025eff00da40 JavaThread "Cache worker for checksums cache (D:\Android\Projects\movie_collection_app\android\.gradle\8.14\checksums)"        [_thread_blocked, id=14804, stack(0x000000edaff00000,0x000000edb0000000) (1024K)]
  0x0000025eff007e60 JavaThread "Cache worker for cache directory md-supplier (C:\Users\tinas\.gradle\caches\8.14\md-supplier)"        [_thread_blocked, id=14456, stack(0x000000edb0000000,0x000000edb0100000) (1024K)]
  0x0000025eff00f480 JavaThread "Cache worker for cache directory md-rule (C:\Users\tinas\.gradle\caches\8.14\md-rule)"        [_thread_blocked, id=16276, stack(0x000000edb0300000,0x000000edb0400000) (1024K)]
  0x0000025eff00c000 JavaThread "Cache worker for Build Output Cleanup Cache (C:\src\flutter\packages\flutter_tools\gradle\.gradle\buildOutputCleanup)"        [_thread_blocked, id=14564, stack(0x000000edb0500000,0x000000edb0600000) (1024K)]
  0x0000025eff00b970 JavaThread "Unconstrained build operations"        [_thread_blocked, id=13780, stack(0x000000edb0600000,0x000000edb0700000) (1024K)]
  0x0000025eff00c690 JavaThread "Unconstrained build operations Thread 2"        [_thread_blocked, id=7372, stack(0x000000edb0700000,0x000000edb0800000) (1024K)]
  0x0000025eff009210 JavaThread "Unconstrained build operations Thread 3"        [_thread_blocked, id=6408, stack(0x000000edb0800000,0x000000edb0900000) (1024K)]
  0x0000025eff0098a0 JavaThread "Unconstrained build operations Thread 4"        [_thread_blocked, id=9256, stack(0x000000edb0900000,0x000000edb0a00000) (1024K)]
  0x0000025eff009f30 JavaThread "Unconstrained build operations Thread 5"        [_thread_blocked, id=1204, stack(0x000000edb0a00000,0x000000edb0b00000) (1024K)]
  0x0000025eff00a5c0 JavaThread "Unconstrained build operations Thread 6"        [_thread_blocked, id=10116, stack(0x000000edb0b00000,0x000000edb0c00000) (1024K)]
  0x0000025eff00ac50 JavaThread "build event listener"              [_thread_blocked, id=9888, stack(0x000000edb0c00000,0x000000edb0d00000) (1024K)]
  0x0000025eff00b2e0 JavaThread "included builds"                   [_thread_blocked, id=15912, stack(0x000000edb0d00000,0x000000edb0e00000) (1024K)]
  0x0000025eff00e0d0 JavaThread "Execution worker"                  [_thread_blocked, id=6136, stack(0x000000edb0e00000,0x000000edb0f00000) (1024K)]
  0x0000025eff00cd20 JavaThread "Execution worker Thread 2"         [_thread_blocked, id=14000, stack(0x000000edb0f00000,0x000000edb1000000) (1024K)]
  0x0000025eff00e760 JavaThread "Execution worker Thread 3"         [_thread_blocked, id=14372, stack(0x000000edb1000000,0x000000edb1100000) (1024K)]
  0x0000025efe988680 JavaThread "Cache worker for execution history cache (C:\src\flutter\packages\flutter_tools\gradle\.gradle\8.14\executionHistory)"        [_thread_blocked, id=6268, stack(0x000000edb1200000,0x000000edb1300000) (1024K)]
  0x0000025efe98dbd0 JavaThread "Unconstrained build operations Thread 7"        [_thread_blocked, id=5144, stack(0x000000edb1300000,0x000000edb1400000) (1024K)]
  0x0000025efe988d10 JavaThread "Unconstrained build operations Thread 8"        [_thread_blocked, id=11804, stack(0x000000edb1400000,0x000000edb1500000) (1024K)]
  0x0000025efe9893a0 JavaThread "Unconstrained build operations Thread 9"        [_thread_blocked, id=6180, stack(0x000000edb1500000,0x000000edb1600000) (1024K)]
  0x0000025efe98bb00 JavaThread "Unconstrained build operations Thread 10"        [_thread_blocked, id=2840, stack(0x000000edb1700000,0x000000edb1800000) (1024K)]
  0x0000025efe98d540 JavaThread "Unconstrained build operations Thread 11"        [_thread_blocked, id=15756, stack(0x000000edb1800000,0x000000edb1900000) (1024K)]
  0x0000025efe98e8f0 JavaThread "Unconstrained build operations Thread 12"        [_thread_blocked, id=15712, stack(0x000000edb1900000,0x000000edb1a00000) (1024K)]
  0x0000025efe987960 JavaThread "Unconstrained build operations Thread 13"        [_thread_blocked, id=4092, stack(0x000000edb1a00000,0x000000edb1b00000) (1024K)]
  0x0000025efe98a750 JavaThread "Unconstrained build operations Thread 14"        [_thread_blocked, id=14044, stack(0x000000edb1b00000,0x000000edb1c00000) (1024K)]
  0x0000025efe98ade0 JavaThread "Unconstrained build operations Thread 15"        [_thread_blocked, id=6584, stack(0x000000edb1c00000,0x000000edb1d00000) (1024K)]
  0x0000025efc03a4c0 JavaThread "Unconstrained build operations Thread 16"        [_thread_blocked, id=2260, stack(0x000000edb1d00000,0x000000edb1e00000) (1024K)]
  0x0000025efc0376d0 JavaThread "Unconstrained build operations Thread 17"        [_thread_blocked, id=5464, stack(0x000000edb1e00000,0x000000edb1f00000) (1024K)]
  0x0000025efc037d60 JavaThread "Unconstrained build operations Thread 18"        [_thread_blocked, id=8748, stack(0x000000edb1f00000,0x000000edb2000000) (1024K)]
  0x0000025efc0397a0 JavaThread "Unconstrained build operations Thread 19"        [_thread_blocked, id=5584, stack(0x000000edb2000000,0x000000edb2100000) (1024K)]
  0x0000025efef29d50 JavaThread "Unconstrained build operations Thread 20"        [_thread_blocked, id=8004, stack(0x000000edb2100000,0x000000edb2200000) (1024K)]
  0x0000025efef296c0 JavaThread "Unconstrained build operations Thread 21"        [_thread_blocked, id=7956, stack(0x000000edb2200000,0x000000edb2300000) (1024K)]
  0x0000025efef2c4b0 JavaThread "Unconstrained build operations Thread 22"        [_thread_blocked, id=7196, stack(0x000000edb2300000,0x000000edb2400000) (1024K)]
  0x0000025efef2d1d0 JavaThread "Unconstrained build operations Thread 23"        [_thread_blocked, id=4928, stack(0x000000edb2400000,0x000000edb2500000) (1024K)]
  0x0000025efef2ec10 JavaThread "Unconstrained build operations Thread 24"        [_thread_blocked, id=15288, stack(0x000000edb2500000,0x000000edb2600000) (1024K)]
  0x0000025efef2def0 JavaThread "Unconstrained build operations Thread 25"        [_thread_blocked, id=3992, stack(0x000000edb2600000,0x000000edb2700000) (1024K)]
Total: 65

Other Threads:
=>0x0000025ef61d9660 VMThread "VM Thread"                           [id=2536, stack(0x000000edae400000,0x000000edae500000) (1024K)]
  0x0000025ef6187af0 WatcherThread "VM Periodic Task Thread"        [id=1608, stack(0x000000edae300000,0x000000edae400000) (1024K)]
  0x0000025ee6a39fc0 WorkerThread "GC Thread#0"                     [id=12804, stack(0x000000edade00000,0x000000edadf00000) (1024K)]
  0x0000025ef683cd00 WorkerThread "GC Thread#1"                     [id=1360, stack(0x000000edaef00000,0x000000edaf000000) (1024K)]
  0x0000025ef683d0a0 WorkerThread "GC Thread#2"                     [id=7120, stack(0x000000edaf000000,0x000000edaf100000) (1024K)]
  0x0000025efb339d80 WorkerThread "GC Thread#3"                     [id=8728, stack(0x000000edaf100000,0x000000edaf200000) (1024K)]
  0x0000025ee6a4b560 ConcurrentGCThread "G1 Main Marker"            [id=12792, stack(0x000000edadf00000,0x000000edae000000) (1024K)]
  0x0000025ee6a4be10 WorkerThread "G1 Conc#0"                       [id=1132, stack(0x000000edae000000,0x000000edae100000) (1024K)]
  0x0000025ee6a5e990 ConcurrentGCThread "G1 Refine#0"               [id=5200, stack(0x000000edae100000,0x000000edae200000) (1024K)]
  0x0000025ef605f530 ConcurrentGCThread "G1 Service"                [id=8668, stack(0x000000edae200000,0x000000edae300000) (1024K)]
Total: 10

Threads with active compile tasks:
C2 CompilerThread0  2502045 14645 %     4       org.gradle.internal.instantiation.generator.AbstractClassGenerator::inspectType @ 107 (602 bytes)
C1 CompilerThread0  2502045 14724       2       kotlin.io.FilesKt__UtilsKt::getInvariantSeparatorsPath (49 bytes)
Total: 2

VM state: at safepoint (normal execution)

VM Mutex/Monitor currently owned by a thread:  ([mutex/lock_event])
[0x00007ff98e8d85b8] Threads_lock - owner thread: 0x0000025ef61d9660
[0x00007ff98e8d86b8] Heap_lock - owner thread: 0x0000025efef2ec10

Heap address: 0x0000000600000000, size: 8192 MB, Compressed Oops mode: Zero based, Oop shift amount: 3

CDS archive(s) not mapped
Compressed class space mapped at: 0x0000000800000000-0x0000000840000000, reserved size: 1073741824
Narrow klass base: 0x0000000800000000, Narrow klass shift: 0, Narrow klass range: 0x40000000

GC Precious Log:
 CardTable entry size: 512
 Card Set container configuration: InlinePtr #cards 4 size 8 Array Of Cards #cards 32 size 80 Howl #buckets 8 coarsen threshold 7372 Howl Bitmap #cards 1024 size 144 coarsen threshold 921 Card regions per heap region 1 cards per card region 8192
 CPUs: 4 total, 4 available
 Memory: 3791M
 Large Page Support: Disabled
 NUMA Support: Disabled
 Compressed Oops: Enabled (Zero based)
 Heap Region Size: 4M
 Heap Min Capacity: 8M
 Heap Initial Capacity: 60M
 Heap Max Capacity: 8G
 Pre-touch: Disabled
 Parallel Workers: 4
 Concurrent Workers: 1
 Concurrent Refinement Workers: 4
 Periodic GC: Disabled

Heap:
 garbage-first heap   total 167936K, used 84756K [0x0000000600000000, 0x0000000800000000)
  region size 4096K, 1 young (4096K), 1 survivors (4096K)
 Metaspace       used 98699K, committed 100672K, reserved 1179648K
  class space    used 13664K, committed 14592K, reserved 1048576K

Heap Regions: E=young(eden), S=young(survivor), O=old, HS=humongous(starts), HC=humongous(continues), CS=collection set, F=free, TAMS=top-at-mark-start, PB=parsable bottom
|   0|0x0000000600000000, 0x0000000600400000, 0x0000000600400000|100%|HS|  |TAMS 0x0000000600000000| PB 0x0000000600000000| Complete 
|   1|0x0000000600400000, 0x0000000600800000, 0x0000000600800000|100%| O|  |TAMS 0x0000000600400000| PB 0x0000000600400000| Untracked 
|   2|0x0000000600800000, 0x0000000600c00000, 0x0000000600c00000|100%| O|  |TAMS 0x0000000600800000| PB 0x0000000600800000| Untracked 
|   3|0x0000000600c00000, 0x0000000601000000, 0x0000000601000000|100%| O|  |TAMS 0x0000000600c00000| PB 0x0000000600c00000| Untracked 
|   4|0x0000000601000000, 0x0000000601400000, 0x0000000601400000|100%| O|  |TAMS 0x0000000601000000| PB 0x0000000601000000| Untracked 
|   5|0x0000000601400000, 0x0000000601800000, 0x0000000601800000|100%| O|  |TAMS 0x0000000601400000| PB 0x0000000601400000| Untracked 
|   6|0x0000000601800000, 0x0000000601c00000, 0x0000000601c00000|100%| O|  |TAMS 0x0000000601800000| PB 0x0000000601800000| Untracked 
|   7|0x0000000601c00000, 0x0000000602000000, 0x0000000602000000|100%| O|  |TAMS 0x0000000601c00000| PB 0x0000000601c00000| Untracked 
|   8|0x0000000602000000, 0x0000000602400000, 0x0000000602400000|100%| O|  |TAMS 0x0000000602000000| PB 0x0000000602000000| Untracked 
|   9|0x0000000602400000, 0x0000000602800000, 0x0000000602800000|100%| O|  |TAMS 0x0000000602400000| PB 0x0000000602400000| Untracked 
|  10|0x0000000602800000, 0x0000000602c00000, 0x0000000602c00000|100%| O|  |TAMS 0x0000000602800000| PB 0x0000000602800000| Untracked 
|  11|0x0000000602c00000, 0x0000000603000000, 0x0000000603000000|100%|HS|  |TAMS 0x0000000602c00000| PB 0x0000000602c00000| Complete 
|  12|0x0000000603000000, 0x0000000603400000, 0x0000000603400000|100%| O|  |TAMS 0x0000000603000000| PB 0x0000000603000000| Untracked 
|  13|0x0000000603400000, 0x0000000603800000, 0x0000000603800000|100%|HS|  |TAMS 0x0000000603400000| PB 0x0000000603400000| Complete 
|  14|0x0000000603800000, 0x0000000603c00000, 0x0000000603c00000|100%| O|  |TAMS 0x0000000603800000| PB 0x0000000603800000| Untracked 
|  15|0x0000000603c00000, 0x0000000603c00000, 0x0000000604000000|  0%| F|  |TAMS 0x0000000603c00000| PB 0x0000000603c00000| Untracked 
|  16|0x0000000604000000, 0x0000000604400000, 0x0000000604400000|100%| O|  |TAMS 0x0000000604000000| PB 0x0000000604000000| Untracked 
|  17|0x0000000604400000, 0x0000000604800000, 0x0000000604800000|100%| O|  |TAMS 0x0000000604400000| PB 0x0000000604400000| Untracked 
|  18|0x0000000604800000, 0x0000000604c00000, 0x0000000604c00000|100%|HS|  |TAMS 0x0000000604800000| PB 0x0000000604800000| Complete 
|  19|0x0000000604c00000, 0x0000000605000000, 0x0000000605000000|100%|HC|  |TAMS 0x0000000604c00000| PB 0x0000000604c00000| Complete 
|  20|0x0000000605000000, 0x0000000605400000, 0x0000000605400000|100%| O|  |TAMS 0x0000000605000000| PB 0x0000000605000000| Untracked 
|  21|0x0000000605400000, 0x00000006054d5d00, 0x0000000605800000| 20%| O|  |TAMS 0x0000000605400000| PB 0x0000000605400000| Untracked 
|  22|0x0000000605800000, 0x0000000605800000, 0x0000000605c00000|  0%| F|  |TAMS 0x0000000605800000| PB 0x0000000605800000| Untracked 
|  23|0x0000000605c00000, 0x0000000605c00000, 0x0000000606000000|  0%| F|  |TAMS 0x0000000605c00000| PB 0x0000000605c00000| Untracked 
|  24|0x0000000606000000, 0x0000000606000000, 0x0000000606400000|  0%| F|  |TAMS 0x0000000606000000| PB 0x0000000606000000| Untracked 
|  25|0x0000000606400000, 0x0000000606400000, 0x0000000606800000|  0%| F|  |TAMS 0x0000000606400000| PB 0x0000000606400000| Untracked 
|  26|0x0000000606800000, 0x0000000606800000, 0x0000000606c00000|  0%| F|  |TAMS 0x0000000606800000| PB 0x0000000606800000| Untracked 
|  27|0x0000000606c00000, 0x0000000606c00000, 0x0000000607000000|  0%| F|  |TAMS 0x0000000606c00000| PB 0x0000000606c00000| Untracked 
|  28|0x0000000607000000, 0x0000000607000000, 0x0000000607400000|  0%| F|  |TAMS 0x0000000607000000| PB 0x0000000607000000| Untracked 
|  29|0x0000000607400000, 0x0000000607400000, 0x0000000607800000|  0%| F|  |TAMS 0x0000000607400000| PB 0x0000000607400000| Untracked 
|  30|0x0000000607800000, 0x0000000607800000, 0x0000000607c00000|  0%| F|  |TAMS 0x0000000607800000| PB 0x0000000607800000| Untracked 
|  31|0x0000000607c00000, 0x0000000607c00000, 0x0000000608000000|  0%| F|  |TAMS 0x0000000607c00000| PB 0x0000000607c00000| Untracked 
|  32|0x0000000608000000, 0x0000000608000000, 0x0000000608400000|  0%| F|  |TAMS 0x0000000608000000| PB 0x0000000608000000| Untracked 
|  33|0x0000000608400000, 0x0000000608400000, 0x0000000608800000|  0%| F|  |TAMS 0x0000000608400000| PB 0x0000000608400000| Untracked 
|  34|0x0000000608800000, 0x0000000608800000, 0x0000000608c00000|  0%| F|  |TAMS 0x0000000608800000| PB 0x0000000608800000| Untracked 
|  35|0x0000000608c00000, 0x0000000608c00000, 0x0000000609000000|  0%| F|  |TAMS 0x0000000608c00000| PB 0x0000000608c00000| Untracked 
|  36|0x0000000609000000, 0x0000000609000000, 0x0000000609400000|  0%| F|  |TAMS 0x0000000609000000| PB 0x0000000609000000| Untracked 
|  37|0x0000000609400000, 0x00000006095ef670, 0x0000000609800000| 48%| S|CS|TAMS 0x0000000609400000| PB 0x0000000609400000| Complete 
|  38|0x0000000609800000, 0x0000000609800000, 0x0000000609c00000|  0%| F|  |TAMS 0x0000000609800000| PB 0x0000000609800000| Untracked 
|  39|0x0000000609c00000, 0x0000000609c00000, 0x000000060a000000|  0%| F|  |TAMS 0x0000000609c00000| PB 0x0000000609c00000| Untracked 
|  40|0x000000060a000000, 0x000000060a000000, 0x000000060a400000|  0%| F|  |TAMS 0x000000060a000000| PB 0x000000060a000000| Untracked 

Card table byte_map: [0x0000025eeac00000,0x0000025eebc00000] _byte_map_base: 0x0000025ee7c00000

Marking Bits: (CMBitMap*) 0x0000025ee6a3ac80
 Bits: [0x0000025eebc00000, 0x0000025ef3c00000)

Polling page: 0x0000025ee4870000

Metaspace:

Usage:
  Non-class:     83.04 MB used.
      Class:     13.34 MB used.
       Both:     96.39 MB used.

Virtual space:
  Non-class space:      128.00 MB reserved,      84.06 MB ( 66%) committed,  2 nodes.
      Class space:        1.00 GB reserved,      14.25 MB (  1%) committed,  1 nodes.
             Both:        1.12 GB reserved,      98.31 MB (  9%) committed. 

Chunk freelists:
   Non-Class:  11.11 MB
       Class:  1.58 MB
        Both:  12.69 MB

MaxMetaspaceSize: 4.00 GB
CompressedClassSpaceSize: 1.00 GB
Initial GC threshold: 21.00 MB
Current GC threshold: 160.75 MB
CDS: off
 - commit_granule_bytes: 65536.
 - commit_granule_words: 8192.
 - virtual_space_node_default_size: 8388608.
 - enlarge_chunks_in_place: 1.
 - use_allocation_guard: 0.


Internal statistics:

num_allocs_failed_limit: 6.
num_arena_births: 3982.
num_arena_deaths: 0.
num_vsnodes_births: 3.
num_vsnodes_deaths: 0.
num_space_committed: 1573.
num_space_uncommitted: 0.
num_chunks_returned_to_freelist: 6.
num_chunks_taken_from_freelist: 8007.
num_chunk_merges: 6.
num_chunk_splits: 5152.
num_chunks_enlarged: 3126.
num_inconsistent_stats: 0.

CodeHeap 'non-profiled nmethods': size=259264Kb used=6056Kb max_used=7004Kb free=253207Kb
 bounds [0x0000025e902d0000, 0x0000025e909b0000, 0x0000025ea0000000]
CodeHeap 'profiled nmethods': size=259264Kb used=17091Kb max_used=21941Kb free=242172Kb
 bounds [0x0000025e80000000, 0x0000025e81570000, 0x0000025e8fd30000]
CodeHeap 'non-nmethods': size=5760Kb used=2110Kb max_used=2147Kb free=3649Kb
 bounds [0x0000025e8fd30000, 0x0000025e8ffa0000, 0x0000025e902d0000]
CodeCache: size=524288Kb, used=25257Kb, max_used=31092Kb, free=499028Kb
 total_blobs=9808, nmethods=8958, adapters=754, full_count=0
Compilation: enabled, stopped_count=0, restarted_count=0

Compilation events (20 events):
Event: 2501.383 Thread 0x0000025ef641b190 nmethod 14711 0x0000025e80a53910 code [0x0000025e80a53ba0, 0x0000025e80a544f0]
Event: 2501.386 Thread 0x0000025ef641b190 14714       3       kotlin.jvm.internal.Intrinsics::checkNotNullExpressionValue (38 bytes)
Event: 2501.386 Thread 0x0000025ef641b190 nmethod 14714 0x0000025e803bbd90 code [0x0000025e803bbfc0, 0x0000025e803bc490]
Event: 2501.387 Thread 0x0000025ef641b190 14715       3       org.jetbrains.kotlin.incremental.classpathDiff.JarReader$$Lambda/0x0000000800e27630::invoke (15 bytes)
Event: 2501.388 Thread 0x0000025ef641b190 nmethod 14715 0x0000025e8002b210 code [0x0000025e8002b4a0, 0x0000025e8002c118]
Event: 2501.388 Thread 0x0000025ef641b190 14716       3       kotlin.sequences.FilteringSequence$iterator$1::calcNext (68 bytes)
Event: 2501.388 Thread 0x0000025ef641b190 nmethod 14716 0x0000025e80881b10 code [0x0000025e80881d20, 0x0000025e80882388]
Event: 2501.388 Thread 0x0000025ef641b190 14717       3       org.jetbrains.kotlin.incremental.classpathDiff.ClasspathEntrySnapshotter::DEFAULT_CLASS_FILTER$lambda$0 (48 bytes)
Event: 2501.389 Thread 0x0000025ef641b190 nmethod 14717 0x0000025e805df510 code [0x0000025e805df760, 0x0000025e805dfe80]
Event: 2501.389 Thread 0x0000025ef641b190 14718       3       kotlin.text.StringsKt__StringsJVMKt::endsWith (44 bytes)
Event: 2501.391 Thread 0x0000025ef641b190 nmethod 14718 0x0000025e801f9110 code [0x0000025e801f9420, 0x0000025e801fa2c0]
Event: 2501.391 Thread 0x0000025ef641b190 14721       3       kotlin.sequences.FilteringSequence$iterator$1::hasNext (26 bytes)
Event: 2501.391 Thread 0x0000025ef641b190 nmethod 14721 0x0000025e80dfbc10 code [0x0000025e80dfbdc0, 0x0000025e80dfbf90]
Event: 2501.391 Thread 0x0000025ef641b190 14719       3       kotlin.sequences.FilteringSequence$iterator$1::next (44 bytes)
Event: 2501.392 Thread 0x0000025ef641b190 nmethod 14719 0x0000025e80e41890 code [0x0000025e80e41a60, 0x0000025e80e41d30]
Event: 2501.392 Thread 0x0000025ef641b190 14720       3       kotlin.text.StringsKt__StringsJVMKt::startsWith (36 bytes)
Event: 2501.393 Thread 0x0000025ef641b190 nmethod 14720 0x0000025e80649e90 code [0x0000025e8064a160, 0x0000025e8064ac28]
Event: 2501.404 Thread 0x0000025ef641b190 14723       2       org.jetbrains.kotlin.incremental.classpathDiff.ClassFile::<init> (39 bytes)
Event: 2501.405 Thread 0x0000025ef641b190 nmethod 14723 0x0000025e808d0090 code [0x0000025e808d02e0, 0x0000025e808d0870]
Event: 2501.405 Thread 0x0000025ef641b190 14724       2       kotlin.io.FilesKt__UtilsKt::getInvariantSeparatorsPath (49 bytes)

GC Heap History (20 events):
Event: 2454.908 GC heap after
{Heap after GC invocations=68 (full 0):
 garbage-first heap   total 167936K, used 68551K [0x0000000600000000, 0x0000000800000000)
  region size 4096K, 1 young (4096K), 1 survivors (4096K)
 Metaspace       used 91456K, committed 93376K, reserved 1179648K
  class space    used 12933K, committed 13888K, reserved 1048576K
}
Event: 2460.309 GC heap before
{Heap before GC invocations=68 (full 0):
 garbage-first heap   total 167936K, used 89031K [0x0000000600000000, 0x0000000800000000)
  region size 4096K, 6 young (24576K), 1 survivors (4096K)
 Metaspace       used 91555K, committed 93568K, reserved 1179648K
  class space    used 12933K, committed 13888K, reserved 1048576K
}
Event: 2460.356 GC heap after
{Heap after GC invocations=69 (full 0):
 garbage-first heap   total 167936K, used 70411K [0x0000000600000000, 0x0000000800000000)
  region size 4096K, 1 young (4096K), 1 survivors (4096K)
 Metaspace       used 91555K, committed 93568K, reserved 1179648K
  class space    used 12933K, committed 13888K, reserved 1048576K
}
Event: 2460.714 GC heap before
{Heap before GC invocations=69 (full 0):
 garbage-first heap   total 167936K, used 82699K [0x0000000600000000, 0x0000000800000000)
  region size 4096K, 4 young (16384K), 1 survivors (4096K)
 Metaspace       used 91601K, committed 93568K, reserved 1179648K
  class space    used 12934K, committed 13888K, reserved 1048576K
}
Event: 2460.753 GC heap after
{Heap after GC invocations=70 (full 0):
 garbage-first heap   total 167936K, used 70648K [0x0000000600000000, 0x0000000800000000)
  region size 4096K, 1 young (4096K), 1 survivors (4096K)
 Metaspace       used 91601K, committed 93568K, reserved 1179648K
  class space    used 12934K, committed 13888K, reserved 1048576K
}
Event: 2461.923 GC heap before
{Heap before GC invocations=71 (full 0):
 garbage-first heap   total 167936K, used 74744K [0x0000000600000000, 0x0000000800000000)
  region size 4096K, 2 young (8192K), 1 survivors (4096K)
 Metaspace       used 91657K, committed 93632K, reserved 1179648K
  class space    used 12934K, committed 13888K, reserved 1048576K
}
Event: 2461.949 GC heap after
{Heap after GC invocations=72 (full 0):
 garbage-first heap   total 167936K, used 71466K [0x0000000600000000, 0x0000000800000000)
  region size 4096K, 1 young (4096K), 1 survivors (4096K)
 Metaspace       used 91657K, committed 93632K, reserved 1179648K
  class space    used 12934K, committed 13888K, reserved 1048576K
}
Event: 2463.234 GC heap before
{Heap before GC invocations=72 (full 0):
 garbage-first heap   total 167936K, used 75562K [0x0000000600000000, 0x0000000800000000)
  region size 4096K, 2 young (8192K), 1 survivors (4096K)
 Metaspace       used 92825K, committed 94784K, reserved 1179648K
  class space    used 13111K, committed 14080K, reserved 1048576K
}
Event: 2463.263 GC heap after
{Heap after GC invocations=73 (full 0):
 garbage-first heap   total 167936K, used 70732K [0x0000000600000000, 0x0000000800000000)
  region size 4096K, 1 young (4096K), 1 survivors (4096K)
 Metaspace       used 92825K, committed 94784K, reserved 1179648K
  class space    used 13111K, committed 14080K, reserved 1048576K
}
Event: 2471.592 GC heap before
{Heap before GC invocations=73 (full 0):
 garbage-first heap   total 167936K, used 87116K [0x0000000600000000, 0x0000000800000000)
  region size 4096K, 5 young (20480K), 1 survivors (4096K)
 Metaspace       used 94451K, committed 96448K, reserved 1179648K
  class space    used 13298K, committed 14272K, reserved 1048576K
}
Event: 2471.637 GC heap after
{Heap after GC invocations=74 (full 0):
 garbage-first heap   total 167936K, used 71862K [0x0000000600000000, 0x0000000800000000)
  region size 4096K, 1 young (4096K), 1 survivors (4096K)
 Metaspace       used 94451K, committed 96448K, reserved 1179648K
  class space    used 13298K, committed 14272K, reserved 1048576K
}
Event: 2474.155 GC heap before
{Heap before GC invocations=75 (full 0):
 garbage-first heap   total 167936K, used 75958K [0x0000000600000000, 0x0000000800000000)
  region size 4096K, 2 young (8192K), 1 survivors (4096K)
 Metaspace       used 94466K, committed 96448K, reserved 1179648K
  class space    used 13298K, committed 14272K, reserved 1048576K
}
Event: 2474.169 GC heap after
{Heap after GC invocations=76 (full 0):
 garbage-first heap   total 167936K, used 72360K [0x0000000600000000, 0x0000000800000000)
  region size 4096K, 1 young (4096K), 1 survivors (4096K)
 Metaspace       used 94466K, committed 96448K, reserved 1179648K
  class space    used 13298K, committed 14272K, reserved 1048576K
}
Event: 2485.384 GC heap before
{Heap before GC invocations=76 (full 0):
 garbage-first heap   total 167936K, used 96936K [0x0000000600000000, 0x0000000800000000)
  region size 4096K, 7 young (28672K), 1 survivors (4096K)
 Metaspace       used 94504K, committed 96448K, reserved 1179648K
  class space    used 13298K, committed 14272K, reserved 1048576K
}
Event: 2485.607 GC heap after
{Heap after GC invocations=77 (full 0):
 garbage-first heap   total 167936K, used 72964K [0x0000000600000000, 0x0000000800000000)
  region size 4096K, 1 young (4096K), 1 survivors (4096K)
 Metaspace       used 94504K, committed 96448K, reserved 1179648K
  class space    used 13298K, committed 14272K, reserved 1048576K
}
Event: 2500.566 GC heap before
{Heap before GC invocations=77 (full 0):
 garbage-first heap   total 167936K, used 105732K [0x0000000600000000, 0x0000000800000000)
  region size 4096K, 9 young (36864K), 1 survivors (4096K)
 Metaspace       used 96803K, committed 98752K, reserved 1179648K
  class space    used 13528K, committed 14464K, reserved 1048576K
}
Event: 2500.610 GC heap after
{Heap after GC invocations=78 (full 0):
 garbage-first heap   total 167936K, used 75430K [0x0000000600000000, 0x0000000800000000)
  region size 4096K, 2 young (8192K), 2 survivors (8192K)
 Metaspace       used 96803K, committed 98752K, reserved 1179648K
  class space    used 13528K, committed 14464K, reserved 1048576K
}
Event: 2500.933 GC heap before
{Heap before GC invocations=79 (full 0):
 garbage-first heap   total 167936K, used 104102K [0x0000000600000000, 0x0000000800000000)
  region size 4096K, 10 young (40960K), 2 survivors (8192K)
 Metaspace       used 96810K, committed 98752K, reserved 1179648K
  class space    used 13529K, committed 14464K, reserved 1048576K
}
Event: 2500.953 GC heap after
{Heap after GC invocations=80 (full 0):
 garbage-first heap   total 167936K, used 75516K [0x0000000600000000, 0x0000000800000000)
  region size 4096K, 2 young (8192K), 2 survivors (8192K)
 Metaspace       used 96810K, committed 98752K, reserved 1179648K
  class space    used 13529K, committed 14464K, reserved 1048576K
}
Event: 2501.406 GC heap before
{Heap before GC invocations=80 (full 0):
 garbage-first heap   total 167936K, used 91900K [0x0000000600000000, 0x0000000800000000)
  region size 4096K, 5 young (20480K), 2 survivors (8192K)
 Metaspace       used 98699K, committed 100672K, reserved 1179648K
  class space    used 13664K, committed 14592K, reserved 1048576K
}

Dll operation events (3 events):
Event: 0.169 Loaded shared library D:\Android\Android Studio\jbr\bin\java.dll
Event: 0.177 Loaded shared library D:\Android\Android Studio\jbr\bin\zip.dll
Event: 3.275 Loaded shared library D:\Android\Android Studio\jbr\bin\verify.dll

Deoptimization events (20 events):
Event: 2501.033 Thread 0x0000025efef2ec10 Uncommon trap: trap_request=0xffffff45 fr.pc=0x0000025e908956f8 relative=0x0000000000000f58
Event: 2501.033 Thread 0x0000025efef2ec10 Uncommon trap: reason=unstable_if action=reinterpret pc=0x0000025e908956f8 method=org.gradle.internal.event.DefaultListenerManager$EventBroadcast.maybeInitialize()V @ 18 c2
Event: 2501.033 Thread 0x0000025efef2ec10 DEOPT PACKING pc=0x0000025e908956f8 sp=0x000000edb25fc2d0
Event: 2501.033 Thread 0x0000025efef2ec10 DEOPT UNPACKING pc=0x0000025e8fd846a2 sp=0x000000edb25fc1c8 mode 2
Event: 2501.033 Thread 0x0000025efef2d1d0 Uncommon trap: trap_request=0xffffff45 fr.pc=0x0000025e908956f8 relative=0x0000000000000f58
Event: 2501.033 Thread 0x0000025efef2d1d0 Uncommon trap: reason=unstable_if action=reinterpret pc=0x0000025e908956f8 method=org.gradle.internal.event.DefaultListenerManager$EventBroadcast.maybeInitialize()V @ 18 c2
Event: 2501.033 Thread 0x0000025efef2d1d0 DEOPT PACKING pc=0x0000025e908956f8 sp=0x000000edb24fc650
Event: 2501.033 Thread 0x0000025efef2d1d0 DEOPT UNPACKING pc=0x0000025e8fd846a2 sp=0x000000edb24fc548 mode 2
Event: 2501.050 Thread 0x0000025efef2ec10 Uncommon trap: trap_request=0xffffff45 fr.pc=0x0000025e90897b44 relative=0x0000000000000f44
Event: 2501.050 Thread 0x0000025efef2ec10 Uncommon trap: reason=unstable_if action=reinterpret pc=0x0000025e90897b44 method=org.gradle.internal.event.DefaultListenerManager$EventBroadcast.maybeInitialize()V @ 18 c2
Event: 2501.050 Thread 0x0000025efef2ec10 DEOPT PACKING pc=0x0000025e90897b44 sp=0x000000edb25fb930
Event: 2501.050 Thread 0x0000025efef2ec10 DEOPT UNPACKING pc=0x0000025e8fd846a2 sp=0x000000edb25fb8a0 mode 2
Event: 2501.050 Thread 0x0000025efef2def0 Uncommon trap: trap_request=0xffffff45 fr.pc=0x0000025e90897b44 relative=0x0000000000000f44
Event: 2501.050 Thread 0x0000025efef2def0 Uncommon trap: reason=unstable_if action=reinterpret pc=0x0000025e90897b44 method=org.gradle.internal.event.DefaultListenerManager$EventBroadcast.maybeInitialize()V @ 18 c2
Event: 2501.050 Thread 0x0000025efef2def0 DEOPT PACKING pc=0x0000025e90897b44 sp=0x000000edb26fbde0
Event: 2501.050 Thread 0x0000025efef2def0 DEOPT UNPACKING pc=0x0000025e8fd846a2 sp=0x000000edb26fbd50 mode 2
Event: 2501.137 Thread 0x0000025efef2def0 Uncommon trap: trap_request=0xffffff45 fr.pc=0x0000025e9036f7ec relative=0x000000000000100c
Event: 2501.137 Thread 0x0000025efef2def0 Uncommon trap: reason=unstable_if action=reinterpret pc=0x0000025e9036f7ec method=java.lang.ClassLoader.getClassLoadingLock(Ljava/lang/String;)Ljava/lang/Object; @ 6 c2
Event: 2501.137 Thread 0x0000025efef2def0 DEOPT PACKING pc=0x0000025e9036f7ec sp=0x000000edb26faa60
Event: 2501.137 Thread 0x0000025efef2def0 DEOPT UNPACKING pc=0x0000025e8fd846a2 sp=0x000000edb26fa9c0 mode 2

Classes loaded (20 events):
Event: 2492.222 Loading class org/w3c/dom/Text
Event: 2492.222 Loading class org/w3c/dom/Text done
Event: 2492.222 Loading class com/sun/org/apache/xerces/internal/dom/CharacterDataImpl
Event: 2492.223 Loading class com/sun/org/apache/xerces/internal/dom/CharacterDataImpl done
Event: 2492.223 Loading class com/sun/org/apache/xerces/internal/dom/TextImpl done
Event: 2492.223 Loading class com/sun/org/apache/xerces/internal/dom/DeferredTextImpl done
Event: 2492.223 Loading class com/sun/org/apache/xerces/internal/dom/CharacterDataImpl$1
Event: 2492.223 Loading class com/sun/org/apache/xerces/internal/dom/CharacterDataImpl$1 done
Event: 2492.243 Loading class org/w3c/dom/Comment
Event: 2492.243 Loading class org/w3c/dom/Comment done
Event: 2493.602 Loading class com/sun/org/apache/xerces/internal/dom/DeferredCommentImpl
Event: 2493.602 Loading class com/sun/org/apache/xerces/internal/dom/CommentImpl
Event: 2493.603 Loading class com/sun/org/apache/xerces/internal/dom/CommentImpl done
Event: 2493.603 Loading class com/sun/org/apache/xerces/internal/dom/DeferredCommentImpl done
Event: 2500.453 Loading class java/util/zip/ZipFile$ZipEntryIterator
Event: 2500.453 Loading class java/util/zip/ZipFile$ZipEntryIterator done
Event: 2500.480 Loading class java/util/stream/SortedOps$RefSortingSink
Event: 2500.481 Loading class java/util/stream/SortedOps$RefSortingSink done
Event: 2501.145 Loading class java/rmi/RemoteException
Event: 2501.153 Loading class java/rmi/RemoteException done

Classes unloaded (0 events):
No events

Classes redefined (0 events):
No events

Internal exceptions (20 events):
Event: 2450.309 Thread 0x0000025efc80a750 Exception <a 'sun/nio/fs/WindowsException'{0x0000000608dafbb8}> (0x0000000608dafbb8) 
thrown [s\src\hotspot\share\prims\jni.cpp, line 537]
Event: 2450.318 Thread 0x0000025efc80a750 Exception <a 'sun/nio/fs/WindowsException'{0x0000000608db10e8}> (0x0000000608db10e8) 
thrown [s\src\hotspot\share\prims\jni.cpp, line 537]
Event: 2450.320 Thread 0x0000025efc80a750 Exception <a 'sun/nio/fs/WindowsException'{0x0000000608db2608}> (0x0000000608db2608) 
thrown [s\src\hotspot\share\prims\jni.cpp, line 537]
Event: 2450.321 Thread 0x0000025efc80a750 Exception <a 'sun/nio/fs/WindowsException'{0x0000000608db3710}> (0x0000000608db3710) 
thrown [s\src\hotspot\share\prims\jni.cpp, line 537]
Event: 2452.960 Thread 0x0000025efc80a750 Exception <a 'sun/nio/fs/WindowsException'{0x0000000608eadeb8}> (0x0000000608eadeb8) 
thrown [s\src\hotspot\share\prims\jni.cpp, line 537]
Event: 2452.964 Thread 0x0000025efc80a750 Exception <a 'sun/nio/fs/WindowsException'{0x0000000608eafbf8}> (0x0000000608eafbf8) 
thrown [s\src\hotspot\share\prims\jni.cpp, line 537]
Event: 2452.965 Thread 0x0000025efc80a750 Exception <a 'sun/nio/fs/WindowsException'{0x0000000608eb1928}> (0x0000000608eb1928) 
thrown [s\src\hotspot\share\prims\jni.cpp, line 537]
Event: 2452.965 Thread 0x0000025efc80a750 Exception <a 'sun/nio/fs/WindowsException'{0x0000000608eb34a0}> (0x0000000608eb34a0) 
thrown [s\src\hotspot\share\prims\jni.cpp, line 537]
Event: 2461.153 Thread 0x0000025eff00b2e0 Implicit null exception at 0x0000025e9090414d to 0x0000025e90904900
Event: 2464.300 Thread 0x0000025efe988d10 Exception <a 'java/lang/NoSuchMethodError'{0x0000000609d24140}: 'void java.lang.invoke.DirectMethodHandle$Holder.invokeVirtual(java.lang.Object, java.lang.Object, long)'> (0x0000000609d24140) 
thrown [s\src\hotspot\share\interpreter\linkResolver.cpp, line 784]
Event: 2464.300 Thread 0x0000025efe9893a0 Exception <a 'java/lang/NoSuchMethodError'{0x0000000609d22b20}: 'void java.lang.invoke.DirectMethodHandle$Holder.invokeVirtual(java.lang.Object, java.lang.Object, long)'> (0x0000000609d22b20) 
thrown [s\src\hotspot\share\interpreter\linkResolver.cpp, line 784]
Event: 2478.592 Thread 0x0000025efe988d10 Implicit null exception at 0x0000025e90471be6 to 0x0000025e9047330c
Event: 2478.595 Thread 0x0000025efe988d10 Implicit null exception at 0x0000025e90471be6 to 0x0000025e9047330c
Event: 2478.595 Thread 0x0000025efe988d10 Implicit null exception at 0x0000025e90471be6 to 0x0000025e9047330c
Event: 2491.692 Thread 0x0000025eff00e0d0 Implicit null exception at 0x0000025e90471be6 to 0x0000025e9047330c
Event: 2492.085 Thread 0x0000025eff00e0d0 Exception <a 'java/lang/NoSuchMethodError'{0x0000000609b19138}: 'int java.lang.invoke.DirectMethodHandle$Holder.invokeSpecial(java.lang.Object, java.lang.Object, int)'> (0x0000000609b19138) 
thrown [s\src\hotspot\share\interpreter\linkResolver.cpp, line 784]
Event: 2499.634 Thread 0x0000025eff00e0d0 Exception <a 'java/lang/NoSuchMethodError'{0x0000000608a534d0}: static Ljava/lang/Object;.<clinit>()V> (0x0000000608a534d0) 
thrown [s\src\hotspot\share\prims\jni.cpp, line 1144]
Event: 2500.458 Thread 0x0000025eff00e0d0 Implicit null exception at 0x0000025e9043c675 to 0x0000025e9043d1e4
Event: 2500.959 Thread 0x0000025eff00e0d0 Implicit null exception at 0x0000025e9032ac2a to 0x0000025e9032add2
Event: 2501.192 Thread 0x0000025efef2d1d0 Exception <a 'java/lang/NoSuchMethodError'{0x000000060a3f3e70}: 'int java.lang.invoke.DirectMethodHandle$Holder.invokeStaticInit(java.lang.Object, java.lang.Object, int)'> (0x000000060a3f3e70) 
thrown [s\src\hotspot\share\interpreter\linkResolver.cpp, line 784]

ZGC Phase Switch (0 events):
No events

VM Operations (20 events):
Event: 2495.163 Executing VM operation: Cleanup done
Event: 2496.172 Executing VM operation: Cleanup
Event: 2496.173 Executing VM operation: Cleanup done
Event: 2497.177 Executing VM operation: Cleanup
Event: 2497.177 Executing VM operation: Cleanup done
Event: 2498.178 Executing VM operation: Cleanup
Event: 2498.178 Executing VM operation: Cleanup done
Event: 2499.181 Executing VM operation: Cleanup
Event: 2499.181 Executing VM operation: Cleanup done
Event: 2500.182 Executing VM operation: Cleanup
Event: 2500.183 Executing VM operation: Cleanup done
Event: 2500.566 Executing VM operation: G1CollectForAllocation (G1 Evacuation Pause)
Event: 2500.610 Executing VM operation: G1CollectForAllocation (G1 Evacuation Pause) done
Event: 2500.824 Executing VM operation: G1PauseRemark
Event: 2500.834 Executing VM operation: G1PauseRemark done
Event: 2500.896 Executing VM operation: G1PauseCleanup
Event: 2500.896 Executing VM operation: G1PauseCleanup done
Event: 2500.933 Executing VM operation: G1CollectForAllocation (G1 Evacuation Pause)
Event: 2500.953 Executing VM operation: G1CollectForAllocation (G1 Evacuation Pause) done
Event: 2501.406 Executing VM operation: G1CollectForAllocation (G1 Evacuation Pause)

Memory protections (0 events):
No events

Nmethod flushes (20 events):
Event: 2500.833 Thread 0x0000025ef61d9660 flushing  nmethod 0x0000025e810b6110
Event: 2500.833 Thread 0x0000025ef61d9660 flushing  nmethod 0x0000025e810b7410
Event: 2500.833 Thread 0x0000025ef61d9660 flushing  nmethod 0x0000025e81479890
Event: 2500.833 Thread 0x0000025ef61d9660 flushing  nmethod 0x0000025e81479e10
Event: 2500.833 Thread 0x0000025ef61d9660 flushing  nmethod 0x0000025e8147a210
Event: 2500.833 Thread 0x0000025ef61d9660 flushing  nmethod 0x0000025e8147c910
Event: 2500.833 Thread 0x0000025ef61d9660 flushing  nmethod 0x0000025e814aed10
Event: 2500.833 Thread 0x0000025ef61d9660 flushing osr nmethod 0x0000025e814b2410
Event: 2500.833 Thread 0x0000025ef61d9660 flushing  nmethod 0x0000025e814b2d90
Event: 2500.833 Thread 0x0000025ef61d9660 flushing  nmethod 0x0000025e814b3110
Event: 2500.833 Thread 0x0000025ef61d9660 flushing  nmethod 0x0000025e814da410
Event: 2500.833 Thread 0x0000025ef61d9660 flushing  nmethod 0x0000025e814daf10
Event: 2500.833 Thread 0x0000025ef61d9660 flushing  nmethod 0x0000025e814dbf90
Event: 2500.833 Thread 0x0000025ef61d9660 flushing  nmethod 0x0000025e814dd710
Event: 2500.833 Thread 0x0000025ef61d9660 flushing  nmethod 0x0000025e814de310
Event: 2500.833 Thread 0x0000025ef61d9660 flushing  nmethod 0x0000025e814e0490
Event: 2500.833 Thread 0x0000025ef61d9660 flushing  nmethod 0x0000025e814e1690
Event: 2500.833 Thread 0x0000025ef61d9660 flushing  nmethod 0x0000025e814e4390
Event: 2500.833 Thread 0x0000025ef61d9660 flushing  nmethod 0x0000025e81503310
Event: 2500.833 Thread 0x0000025ef61d9660 flushing  nmethod 0x0000025e8150a210

Events (20 events):
Event: 2461.164 Thread 0x0000025eff00e0d0 Thread added: 0x0000025efe988680
Event: 2462.119 Thread 0x0000025eff00e0d0 Thread added: 0x0000025efe98dbd0
Event: 2462.119 Thread 0x0000025eff00e0d0 Thread added: 0x0000025efe988d10
Event: 2462.120 Thread 0x0000025eff00e0d0 Thread added: 0x0000025efe9893a0
Event: 2492.280 Thread 0x0000025eff00e0d0 Thread added: 0x0000025efe98bb00
Event: 2492.280 Thread 0x0000025eff00e0d0 Thread added: 0x0000025efe98d540
Event: 2492.281 Thread 0x0000025eff00e0d0 Thread added: 0x0000025efe98e8f0
Event: 2492.882 Thread 0x0000025eff00e0d0 Thread added: 0x0000025efe987960
Event: 2492.882 Thread 0x0000025eff00e0d0 Thread added: 0x0000025efe98a750
Event: 2492.882 Thread 0x0000025eff00e0d0 Thread added: 0x0000025efe98ade0
Event: 2494.362 Thread 0x0000025eff00e0d0 Thread added: 0x0000025efc03a4c0
Event: 2494.362 Thread 0x0000025eff00e0d0 Thread added: 0x0000025efc0376d0
Event: 2494.821 Thread 0x0000025eff00e0d0 Thread added: 0x0000025efc037d60
Event: 2494.821 Thread 0x0000025eff00e0d0 Thread added: 0x0000025efc0397a0
Event: 2495.934 Thread 0x0000025eff00e0d0 Thread added: 0x0000025efef29d50
Event: 2495.934 Thread 0x0000025eff00e0d0 Thread added: 0x0000025efef296c0
Event: 2495.935 Thread 0x0000025eff00e0d0 Thread added: 0x0000025efef2c4b0
Event: 2500.960 Thread 0x0000025eff00e0d0 Thread added: 0x0000025efef2d1d0
Event: 2500.961 Thread 0x0000025eff00e0d0 Thread added: 0x0000025efef2ec10
Event: 2500.961 Thread 0x0000025eff00e0d0 Thread added: 0x0000025efef2def0


Dynamic libraries:
0x00007ff604e90000 - 0x00007ff604e9a000 	D:\Android\Android Studio\jbr\bin\java.exe
0x00007ffa0b450000 - 0x00007ffa0b648000 	C:\WINDOWS\SYSTEM32\ntdll.dll
0x00007ffa0a030000 - 0x00007ffa0a0f2000 	C:\WINDOWS\System32\KERNEL32.DLL
0x00007ffa08ae0000 - 0x00007ffa08dd6000 	C:\WINDOWS\System32\KERNELBASE.dll
0x00007ffa08de0000 - 0x00007ffa08ee0000 	C:\WINDOWS\System32\ucrtbase.dll
0x00007ff9eb070000 - 0x00007ff9eb088000 	D:\Android\Android Studio\jbr\bin\jli.dll
0x00007ffa0b110000 - 0x00007ffa0b2b1000 	C:\WINDOWS\System32\USER32.dll
0x00007ffa09310000 - 0x00007ffa09332000 	C:\WINDOWS\System32\win32u.dll
0x00007ffa0b380000 - 0x00007ffa0b3ab000 	C:\WINDOWS\System32\GDI32.dll
0x00007ffa09040000 - 0x00007ffa09159000 	C:\WINDOWS\System32\gdi32full.dll
0x00007ffa09160000 - 0x00007ffa091fd000 	C:\WINDOWS\System32\msvcp_win.dll
0x00007ff991700000 - 0x00007ff99171b000 	D:\Android\Android Studio\jbr\bin\VCRUNTIME140.dll
0x00007ff9fb850000 - 0x00007ff9fbaeb000 	C:\WINDOWS\WinSxS\amd64_microsoft.windows.common-controls_6595b64144ccf1df_6.0.19041.6456_none_60b8a6cb71f64256\COMCTL32.dll
0x00007ffa09480000 - 0x00007ffa0951e000 	C:\WINDOWS\System32\msvcrt.dll
0x00007ffa09f80000 - 0x00007ffa09faf000 	C:\WINDOWS\System32\IMM32.DLL
0x00007ff991720000 - 0x00007ff99172c000 	D:\Android\Android Studio\jbr\bin\vcruntime140_1.dll
0x00007ff9eae90000 - 0x00007ff9eaf1d000 	D:\Android\Android Studio\jbr\bin\msvcp140.dll
0x00007ff98dd20000 - 0x00007ff98e9b6000 	D:\Android\Android Studio\jbr\bin\server\jvm.dll
0x00007ffa0a6f0000 - 0x00007ffa0a7a1000 	C:\WINDOWS\System32\ADVAPI32.dll
0x00007ffa0a1e0000 - 0x00007ffa0a27f000 	C:\WINDOWS\System32\sechost.dll
0x00007ffa09e60000 - 0x00007ffa09f80000 	C:\WINDOWS\System32\RPCRT4.dll
0x00007ffa09250000 - 0x00007ffa09277000 	C:\WINDOWS\System32\bcrypt.dll
0x00007ffa0a7b0000 - 0x00007ffa0a81b000 	C:\WINDOWS\System32\WS2_32.dll
0x00007ffa08070000 - 0x00007ffa080bb000 	C:\WINDOWS\SYSTEM32\POWRPROF.dll
0x00007ff9fbb10000 - 0x00007ff9fbb37000 	C:\WINDOWS\SYSTEM32\WINMM.dll
0x00007ff9fbb00000 - 0x00007ff9fbb0a000 	C:\WINDOWS\SYSTEM32\VERSION.dll
0x00007ffa07ee0000 - 0x00007ffa07ef2000 	C:\WINDOWS\SYSTEM32\UMPDC.dll
0x00007ffa06950000 - 0x00007ffa06962000 	C:\WINDOWS\SYSTEM32\kernel.appcore.dll
0x00007ff9916f0000 - 0x00007ff9916fa000 	D:\Android\Android Studio\jbr\bin\jimage.dll
0x00007ff9fbcf0000 - 0x00007ff9fbef1000 	C:\WINDOWS\SYSTEM32\DBGHELP.DLL
0x00007ff9f5dd0000 - 0x00007ff9f5e04000 	C:\WINDOWS\SYSTEM32\dbgcore.DLL
0x00007ffa09280000 - 0x00007ffa09302000 	C:\WINDOWS\System32\bcryptPrimitives.dll
0x00007ff9eb060000 - 0x00007ff9eb06e000 	D:\Android\Android Studio\jbr\bin\instrument.dll
0x00007ff9916d0000 - 0x00007ff9916f0000 	D:\Android\Android Studio\jbr\bin\java.dll
0x00007ff9916b0000 - 0x00007ff9916c8000 	D:\Android\Android Studio\jbr\bin\zip.dll
0x00007ffa09520000 - 0x00007ffa09c90000 	C:\WINDOWS\System32\SHELL32.dll
0x00007ffa06b50000 - 0x00007ffa072f5000 	C:\WINDOWS\SYSTEM32\windows.storage.dll
0x00007ffa0a960000 - 0x00007ffa0acb4000 	C:\WINDOWS\System32\combase.dll
0x00007ffa08510000 - 0x00007ffa0853b000 	C:\WINDOWS\SYSTEM32\Wldp.dll
0x00007ffa0acc0000 - 0x00007ffa0ad8d000 	C:\WINDOWS\System32\OLEAUT32.dll
0x00007ffa0adf0000 - 0x00007ffa0ae9d000 	C:\WINDOWS\System32\SHCORE.dll
0x00007ffa0b3b0000 - 0x00007ffa0b40b000 	C:\WINDOWS\System32\shlwapi.dll
0x00007ffa08a10000 - 0x00007ffa08a34000 	C:\WINDOWS\SYSTEM32\profapi.dll
0x00007ff9916a0000 - 0x00007ff9916b0000 	D:\Android\Android Studio\jbr\bin\net.dll
0x00007ff9fe430000 - 0x00007ff9fe53a000 	C:\WINDOWS\SYSTEM32\WINHTTP.dll
0x00007ffa08270000 - 0x00007ffa082da000 	C:\WINDOWS\system32\mswsock.dll
0x00007ff991680000 - 0x00007ff991696000 	D:\Android\Android Studio\jbr\bin\nio.dll
0x00007ffa03ec0000 - 0x00007ffa03ed0000 	D:\Android\Android Studio\jbr\bin\verify.dll
0x00007ff9eac10000 - 0x00007ff9eac37000 	C:\Users\tinas\.gradle\native\1def1411415f61bf3af743bc5b6707747c0891f09f0c88961ee8f79bc544acac\windows-amd64\native-platform.dll
0x00007ff9eab90000 - 0x00007ff9eac08000 	C:\Users\tinas\.gradle\native\0.2.7\x86_64-windows-gnu\gradle-fileevents.dll
0x00007ff9f26e0000 - 0x00007ff9f26e9000 	D:\Android\Android Studio\jbr\bin\management.dll
0x00007ff9ea9c0000 - 0x00007ff9ea9cb000 	D:\Android\Android Studio\jbr\bin\management_ext.dll
0x00007ffa0a820000 - 0x00007ffa0a828000 	C:\WINDOWS\System32\PSAPI.DLL
0x00007ffa07f00000 - 0x00007ffa07f3b000 	C:\WINDOWS\SYSTEM32\IPHLPAPI.DLL
0x00007ffa09470000 - 0x00007ffa09478000 	C:\WINDOWS\System32\NSI.dll
0x00007ff9cdb50000 - 0x00007ff9cdb59000 	D:\Android\Android Studio\jbr\bin\extnet.dll
0x00007ffa08460000 - 0x00007ffa08478000 	C:\WINDOWS\SYSTEM32\CRYPTSP.dll
0x00007ffa07b20000 - 0x00007ffa07b58000 	C:\WINDOWS\system32\rsaenh.dll
0x00007ffa08990000 - 0x00007ffa089be000 	C:\WINDOWS\SYSTEM32\USERENV.dll
0x00007ffa08480000 - 0x00007ffa0848c000 	C:\WINDOWS\SYSTEM32\CRYPTBASE.dll
0x00007ff9d1a80000 - 0x00007ff9d1a87000 	C:\WINDOWS\system32\wshunix.dll
0x00007ff9c76d0000 - 0x00007ff9c76e7000 	C:\WINDOWS\system32\napinsp.dll
0x00007ff9c76b0000 - 0x00007ff9c76cb000 	C:\WINDOWS\system32\pnrpnsp.dll
0x00007ff9ed370000 - 0x00007ff9ed38d000 	C:\WINDOWS\system32\wshbth.dll
0x00007ffa02c10000 - 0x00007ffa02c2d000 	C:\WINDOWS\system32\NLAapi.dll
0x00007ffa07f50000 - 0x00007ffa0801a000 	C:\WINDOWS\SYSTEM32\DNSAPI.dll
0x00007ff9f5d50000 - 0x00007ff9f5d62000 	C:\WINDOWS\System32\winrnr.dll
0x00007ff9fd940000 - 0x00007ff9fd94a000 	C:\Windows\System32\rasadhlp.dll
0x00007ff9fd960000 - 0x00007ff9fd9e0000 	C:\WINDOWS\System32\fwpuclnt.dll

JVMTI agents:
C:\Users\tinas\.gradle\wrapper\dists\gradle-8.14-all\c2qonpi39x1mddn7hk5gh9iqj\gradle-8.14\lib\agents\gradle-instrumentation-agent-8.14.jar path:D:\Android\Android Studio\jbr\bin\instrument.dll, loaded, initialized, instrumentlib options:none

dbghelp: loaded successfully - version: 4.0.5 - missing functions: none
symbol engine: initialized successfully - sym options: 0x614 - pdb path: .;D:\Android\Android Studio\jbr\bin;C:\WINDOWS\SYSTEM32;C:\WINDOWS\WinSxS\amd64_microsoft.windows.common-controls_6595b64144ccf1df_6.0.19041.6456_none_60b8a6cb71f64256;D:\Android\Android Studio\jbr\bin\server;C:\Users\tinas\.gradle\native\1def1411415f61bf3af743bc5b6707747c0891f09f0c88961ee8f79bc544acac\windows-amd64;C:\Users\tinas\.gradle\native\0.2.7\x86_64-windows-gnu

VM Arguments:
jvm_args: --add-opens=java.base/java.lang=ALL-UNNAMED --add-opens=java.base/java.lang.invoke=ALL-UNNAMED --add-opens=java.base/java.util=ALL-UNNAMED --add-opens=java.prefs/java.util.prefs=ALL-UNNAMED --add-exports=jdk.compiler/com.sun.tools.javac.api=ALL-UNNAMED --add-exports=jdk.compiler/com.sun.tools.javac.util=ALL-UNNAMED --add-opens=java.base/java.util=ALL-UNNAMED --add-opens=java.prefs/java.util.prefs=ALL-UNNAMED --add-opens=java.base/java.nio.charset=ALL-UNNAMED --add-opens=java.base/java.net=ALL-UNNAMED --add-opens=java.base/java.util.concurrent.atomic=ALL-UNNAMED --add-opens=java.xml/javax.xml.namespace=ALL-UNNAMED -XX:MaxMetaspaceSize=4G -XX:ReservedCodeCacheSize=512m -XX:+HeapDumpOnOutOfMemoryError -Xmx8G -Dfile.encoding=UTF-8 -Duser.country=ID -Duser.language=en -Duser.variant -javaagent:C:\Users\tinas\.gradle\wrapper\dists\gradle-8.14-all\c2qonpi39x1mddn7hk5gh9iqj\gradle-8.14\lib\agents\gradle-instrumentation-agent-8.14.jar 
java_command: org.gradle.launcher.daemon.bootstrap.GradleDaemon 8.14
java_class_path (initial): C:\Users\tinas\.gradle\wrapper\dists\gradle-8.14-all\c2qonpi39x1mddn7hk5gh9iqj\gradle-8.14\lib\gradle-daemon-main-8.14.jar
Launcher Type: SUN_STANDARD

[Global flags]
     intx CICompilerCount                          = 3                                         {product} {ergonomic}
     uint ConcGCThreads                            = 1                                         {product} {ergonomic}
     uint G1ConcRefinementThreads                  = 4                                         {product} {ergonomic}
   size_t G1HeapRegionSize                         = 4194304                                   {product} {ergonomic}
    uintx GCDrainStackTargetSize                   = 64                                        {product} {ergonomic}
     bool HeapDumpOnOutOfMemoryError               = true                                   {manageable} {command line}
   size_t InitialHeapSize                          = 62914560                                  {product} {ergonomic}
   size_t MarkStackSize                            = 4194304                                   {product} {ergonomic}
   size_t MaxHeapSize                              = 8589934592                                {product} {command line}
   size_t MaxMetaspaceSize                         = 4294967296                                {product} {command line}
   size_t MaxNewSize                               = 5150605312                                {product} {ergonomic}
   size_t MinHeapDeltaBytes                        = 4194304                                   {product} {ergonomic}
   size_t MinHeapSize                              = 8388608                                   {product} {ergonomic}
    uintx NonNMethodCodeHeapSize                   = 5832780                                {pd product} {ergonomic}
    uintx NonProfiledCodeHeapSize                  = 265519066                              {pd product} {ergonomic}
    uintx ProfiledCodeHeapSize                     = 265519066                              {pd product} {ergonomic}
    uintx ReservedCodeCacheSize                    = 536870912                              {pd product} {command line}
     bool SegmentedCodeCache                       = true                                      {product} {ergonomic}
   size_t SoftMaxHeapSize                          = 8589934592                             {manageable} {ergonomic}
     bool UseCompressedOops                        = true                           {product lp64_product} {ergonomic}
     bool UseG1GC                                  = true                                      {product} {ergonomic}
     bool UseLargePagesIndividualAllocation        = false                                  {pd product} {ergonomic}

Logging:
Log output configuration:
 #0: stdout all=warning uptime,level,tags foldmultilines=false
 #1: stderr all=off uptime,level,tags foldmultilines=false

Environment Variables:
JAVA_HOME=D:\Android\Android Studio\jbr
CLASSPATH=D:\Android\Projects\movie_collection_app\android\\gradle\wrapper\gradle-wrapper.jar
PATH=D:\Android\Android Studio\jbr\bin;C:\Program Files\Common Files\Oracle\Java\javapath;C:\WINDOWS\system32;C:\WINDOWS;C:\WINDOWS\System32\Wbem;C:\WINDOWS\System32\WindowsPowerShell\v1.0\;C:\WINDOWS\System32\OpenSSH\;C:\xampp\php;C:\ProgramData\ComposerSetup\bin;C:\Users\tinas\AppData\Local\Microsoft\WindowsApps;C:\Users\tinas\AppData\Roaming\Composer\vendor\bin;C:\Users\tinas\AppData\Local\Programs\Microsoft VS Code\bin;C:\src\flutter\bin;;C:\src\flutter\bin\mingit\cmd
USERNAME=tinas
OS=Windows_NT
PROCESSOR_IDENTIFIER=Intel64 Family 6 Model 58 Stepping 9, GenuineIntel
TMP=C:\Users\tinas\AppData\Local\Temp
TEMP=C:\Users\tinas\AppData\Local\Temp




Periodic native trim disabled

JNI global refs:
JNI global refs: 28, weak refs: 14

JNI global refs memory usage: 835, weak refs: 833

Process memory usage:
Resident Set Size: 283544K (7% of 3882796K total physical memory with 235056K free physical memory)

OOME stack traces (most recent first):
Classloader memory used:
Loader org.gradle.internal.classloader.VisitableURLClassLoader                         : 42983K
Loader bootstrap                                                                       : 33458K
Loader org.gradle.initialization.MixInLegacyTypesClassLoader                           : 12862K
Loader org.gradle.internal.classloader.VisitableURLClassLoader$InstrumentingVisitableURLClassLoader: 6350K
Loader java.net.URLClassLoader                                                         : 1597K
Loader jdk.internal.loader.ClassLoaders$PlatformClassLoader                            : 845K
Loader jdk.internal.reflect.DelegatingClassLoader                                      : 269K
Loader jdk.internal.loader.ClassLoaders$AppClassLoader                                 : 235K
Loader org.gradle.internal.classloader.VisitableURLClassLoader                         : 94496B
Loader sun.reflect.misc.MethodUtil                                                     : 3000B

Classes loaded by more than one classloader:
Class Program                                                                         : loaded 4 times (x 72B)
Class kotlin.text.StringsKt__StringsKt                                                : loaded 2 times (x 71B)
Class org.gradle.internal.classloader.FilteringClassLoader                            : loaded 2 times (x 105B)
Class kotlin.io.FilesKt__FileTreeWalkKt                                               : loaded 2 times (x 71B)
Class kotlin.sequences.SequencesKt__SequenceBuilderKt                                 : loaded 2 times (x 71B)
Class kotlin.collections.CollectionsKt__ReversedViewsKt                               : loaded 2 times (x 71B)
Class org.gradle.internal.classloader.ClassLoaderHierarchy                            : loaded 2 times (x 70B)
Class org.gradle.api.internal.classpath.ManifestUtil                                  : loaded 2 times (x 71B)
Class org.gradle.internal.classloader.DefaultClassLoaderFactory                       : loaded 2 times (x 82B)
Class kotlin.sequences.SequencesKt___SequencesKt                                      : loaded 2 times (x 71B)
Class kotlin.collections.AbstractList$Companion                                       : loaded 2 times (x 71B)
Class org.gradle.internal.classloader.ClassLoaderVisitor                              : loaded 2 times (x 76B)
Class org.gradle.api.internal.classpath.EffectiveClassPath                            : loaded 2 times (x 90B)
Class kotlin.text.StringsKt__AppendableKt                                             : loaded 2 times (x 71B)
Class org.gradle.api.internal.DefaultClassPathProvider                                : loaded 2 times (x 76B)
Class kotlin.sequences.Sequence                                                       : loaded 2 times (x 70B)
Class kotlin.text.StringsKt__StringNumberConversionsJVMKt                             : loaded 2 times (x 71B)
Class [Lorg.gradle.api.internal.ClassPathProvider;                                    : loaded 2 times (x 69B)
Class org.gradle.api.internal.ClassPathProvider                                       : loaded 2 times (x 70B)
Class org.gradle.internal.service.UnknownServiceException                             : loaded 2 times (x 83B)
Class kotlin.collections.ArraysKt___ArraysJvmKt                                       : loaded 2 times (x 71B)
Class kotlin.collections.CollectionsKt__CollectionsKt                                 : loaded 2 times (x 71B)
Class kotlin.text.StringsKt__RegexExtensionsJVMKt                                     : loaded 2 times (x 71B)
Class org.gradle.internal.classpath.TransformedClassPath                              : loaded 2 times (x 96B)
Class org.gradle.internal.classloader.InstrumentingClassLoader                        : loaded 2 times (x 70B)
Class kotlin.enums.EnumEntriesList                                                    : loaded 2 times (x 223B)
Class kotlin.collections.CollectionsKt__IteratorsJVMKt                                : loaded 2 times (x 71B)
Class org.jetbrains.kotlin.build.report.metrics.GradleBuildTime                       : loaded 2 times (x 86B)
Class org.gradle.internal.service.ServiceLocator                                      : loaded 2 times (x 70B)
Class kotlin.collections.CollectionsKt__MutableCollectionsKt                          : loaded 2 times (x 71B)
Class kotlin.io.TerminateException                                                    : loaded 2 times (x 82B)
Class kotlin.io.FilesKt__FilePathComponentsKt                                         : loaded 2 times (x 71B)
Class [Lorg.jetbrains.kotlin.build.report.metrics.BuildTime;                          : loaded 2 times (x 69B)
Class org.gradle.internal.InternalTransformer                                         : loaded 2 times (x 70B)
Class org.gradle.internal.classloader.ClasspathUtil$1                                 : loaded 2 times (x 76B)
Class org.gradle.api.internal.classpath.DefaultModuleRegistry$DefaultModule           : loaded 2 times (x 86B)
Class kotlin.collections.ArraysKt__ArraysKt                                           : loaded 2 times (x 71B)
Class kotlin.collections.SetsKt__SetsJVMKt                                            : loaded 2 times (x 71B)
Class kotlin.Function                                                                 : loaded 2 times (x 70B)
Class org.gradle.api.internal.classpath.Module                                        : loaded 2 times (x 70B)
Class kotlin.io.FileAlreadyExistsException                                            : loaded 2 times (x 82B)
Class org.gradle.api.internal.classpath.UnknownModuleException                        : loaded 2 times (x 82B)
Class org.jetbrains.kotlin.build.report.metrics.BuildMetricsReporter                  : loaded 2 times (x 70B)
Class org.gradle.api.internal.DefaultClassPathRegistry                                : loaded 2 times (x 76B)
Class org.gradle.api.internal.ClassPathRegistry                                       : loaded 2 times (x 70B)
Class org.gradle.internal.classpath.DefaultClassPath$ImmutableUniqueList              : loaded 2 times (x 199B)
Class kotlin.text.StringsKt__StringsJVMKt                                             : loaded 2 times (x 71B)
Class kotlin.collections.SetsKt                                                       : loaded 2 times (x 71B)
Class kotlin.text.StringsKt__IndentKt                                                 : loaded 2 times (x 71B)
Class kotlin.NotImplementedError                                                      : loaded 2 times (x 82B)
Class Settings_gradle$1                                                               : loaded 2 times (x 74B)
Class org.gradle.internal.classpath.ClassPath                                         : loaded 2 times (x 70B)
Class org.gradle.api.UncheckedIOException                                             : loaded 2 times (x 82B)
Class kotlin.UninitializedPropertyAccessException                                     : loaded 2 times (x 82B)
Class org.gradle.internal.installation.GradleInstallation$1                           : loaded 2 times (x 75B)
Class org.gradle.api.internal.classpath.ModuleRegistry                                : loaded 2 times (x 70B)
Class kotlin.io.FilesKt__UtilsKt                                                      : loaded 2 times (x 71B)
Class kotlin.collections.CollectionsKt__CollectionsJVMKt                              : loaded 2 times (x 71B)
Class org.gradle.api.internal.classpath.DefaultModuleRegistry                         : loaded 2 times (x 86B)
Class kotlin.sequences.SequencesKt                                                    : loaded 2 times (x 71B)
Class kotlin.collections.CollectionsKt__IteratorsKt                                   : loaded 2 times (x 71B)
Class org.jetbrains.kotlin.build.report.metrics.GradleBuildTime$Companion             : loaded 2 times (x 71B)
Class kotlin.text.StringsKt                                                           : loaded 2 times (x 71B)
Class kotlin.LazyKt__LazyJVMKt                                                        : loaded 2 times (x 71B)
Class kotlin.io.FilesKt__FileReadWriteKt                                              : loaded 2 times (x 71B)
Class kotlin.text.StringsKt__StringNumberConversionsKt                                : loaded 2 times (x 71B)
Class org.gradle.internal.service.ServiceLookupException                              : loaded 2 times (x 82B)
Class org.gradle.internal.classloader.ClassLoaderFactory                              : loaded 2 times (x 70B)
Class org.gradle.internal.service.CachingServiceLocator                               : loaded 2 times (x 82B)
Class org.jetbrains.kotlin.build.report.metrics.BuildTime                             : loaded 2 times (x 70B)
Class kotlin.enums.EnumEntries                                                        : loaded 2 times (x 70B)
Class org.gradle.internal.classloader.ClasspathUtil                                   : loaded 2 times (x 71B)
Class kotlin.io.FileSystemException                                                   : loaded 2 times (x 82B)
Class org.gradle.api.specs.Spec                                                       : loaded 2 times (x 70B)
Class kotlin.SynchronizedLazyImpl                                                     : loaded 2 times (x 76B)
Class kotlin.text.StringsKt__RegexExtensionsKt                                        : loaded 2 times (x 71B)
Class Build_gradle$1                                                                  : loaded 2 times (x 78B)
Class kotlin.sequences.SequencesKt__SequencesJVMKt                                    : loaded 2 times (x 71B)
Class kotlin.collections.AbstractList                                                 : loaded 2 times (x 197B)
Class kotlin.collections.AbstractCollection                                           : loaded 2 times (x 117B)
Class kotlin.LazyKt__LazyKt                                                           : loaded 2 times (x 71B)
Class kotlin.text.StringsKt__StringBuilderJVMKt                                       : loaded 2 times (x 71B)
Class kotlin.UNINITIALIZED_VALUE                                                      : loaded 2 times (x 71B)
Class org.gradle.internal.classloader.VisitableURLClassLoader$InstrumentingVisitableURLClassLoader: loaded 2 times (x 123B)
Class kotlin.collections.SetsKt___SetsKt                                              : loaded 2 times (x 71B)
Class kotlin.sequences.SequencesKt__SequencesKt                                       : loaded 2 times (x 71B)
Class org.gradle.internal.classloader.VisitableURLClassLoader$Spec                    : loaded 2 times (x 74B)
Class org.gradle.internal.classpath.DefaultClassPath                                  : loaded 2 times (x 90B)
Class [Lorg.jetbrains.kotlin.build.report.metrics.GradleBuildTime;                    : loaded 2 times (x 69B)
Class org.gradle.internal.classloader.ClassLoaderSpec                                 : loaded 2 times (x 71B)
Class kotlin.collections.CollectionsKt___CollectionsJvmKt                             : loaded 2 times (x 71B)
Class kotlin.sequences.SequencesKt___SequencesJvmKt                                   : loaded 2 times (x 71B)
Class Settings_gradle$1$1                                                             : loaded 2 times (x 74B)
Class org.gradle.internal.classloader.VisitableURLClassLoader                         : loaded 2 times (x 117B)
Class kotlin.jvm.functions.Function0                                                  : loaded 2 times (x 70B)
Class Settings_gradle                                                                 : loaded 2 times (x 128B)
Class org.gradle.internal.Cast                                                        : loaded 2 times (x 71B)
Class org.gradle.api.Action                                                           : loaded 2 times (x 70B)
Class kotlin.jvm.functions.Function1                                                  : loaded 2 times (x 70B)
Class kotlin.jvm.functions.Function2                                                  : loaded 2 times (x 70B)
Class org.gradle.internal.classpath.DefaultClassPath$ImmutableUniqueList$Builder      : loaded 2 times (x 75B)
Class kotlin.collections.CollectionsKt___CollectionsKt                                : loaded 2 times (x 71B)
Class org.gradle.api.GradleException                                                  : loaded 2 times (x 82B)
Class kotlin.text.StringsKt___StringsJvmKt                                            : loaded 2 times (x 71B)
Class kotlin.io.FilesKt                                                               : loaded 2 times (x 71B)
Class kotlin.collections.ArraysKt___ArraysKt                                          : loaded 2 times (x 71B)
Class kotlin.collections.CollectionsKt__MutableCollectionsJVMKt                       : loaded 2 times (x 71B)
Class kotlin.enums.EnumEntriesKt                                                      : loaded 2 times (x 71B)
Class kotlin.text.StringsKt___StringsKt                                               : loaded 2 times (x 71B)
Class org.gradle.internal.IoActions                                                   : loaded 2 times (x 71B)
Class org.gradle.internal.classloader.SystemClassLoaderSpec                           : loaded 2 times (x 71B)
Class kotlin.jvm.internal.Intrinsics                                                  : loaded 2 times (x 71B)
Class kotlin.collections.CollectionsKt__IterablesKt                                   : loaded 2 times (x 71B)
Class kotlin.KotlinNullPointerException                                               : loaded 2 times (x 83B)
Class kotlin.collections.ArraysKt                                                     : loaded 2 times (x 71B)
Class kotlin.collections.SetsKt__SetsKt                                               : loaded 2 times (x 71B)
Class kotlin.LazyKt                                                                   : loaded 2 times (x 71B)
Class kotlin.collections.ArraysKt__ArraysJVMKt                                        : loaded 2 times (x 71B)
Class kotlin.text.StringsKt__StringBuilderKt                                          : loaded 2 times (x 71B)
Class org.gradle.api.internal.classpath.GlobalCacheRootsProvider                      : loaded 2 times (x 70B)
Class kotlin.Lazy                                                                     : loaded 2 times (x 70B)
Class kotlin.NoWhenBranchMatchedException                                             : loaded 2 times (x 82B)
Class kotlin.jvm.internal.markers.KMappedMarker                                       : loaded 2 times (x 70B)
Class Build_gradle                                                                    : loaded 2 times (x 130B)
Class org.gradle.internal.installation.CurrentGradleInstallationLocator               : loaded 2 times (x 71B)
Class org.gradle.internal.service.DefaultServiceLocator                               : loaded 2 times (x 83B)
Class org.gradle.internal.installation.CurrentGradleInstallation                      : loaded 2 times (x 73B)
Class org.gradle.util.internal.GUtil                                                  : loaded 2 times (x 71B)
Class kotlin.io.NoSuchFileException                                                   : loaded 2 times (x 82B)
Class kotlin.collections.CollectionsKt                                                : loaded 2 times (x 71B)
Class org.gradle.internal.installation.GradleInstallation                             : loaded 2 times (x 75B)

---------------  S Y S T E M  ---------------

OS:
 Windows 10 , 64 bit Build 19041 (10.0.19041.5915)
OS uptime: 0 days 0:46 hours

CPU: total 4 (initial active 4) (2 cores per cpu, 2 threads per core) family 6 model 58 stepping 9 microcode 0x21, cx8, cmov, fxsr, ht, mmx, sse, sse2, sse3, ssse3, sse4.1, sse4.2, popcnt, tsc, tscinvbit, avx, erms, clmul, vzeroupper, clflush, rdtscp, f16c
Processor Information for the first 4 processors :
  Max Mhz: 2500, Current Mhz: 2500, Mhz Limit: 2500

Memory: 4k page, system-wide physical 3791M (239M free)
TotalPageFile size 11704M (AvailPageFile size 29M)
current process WorkingSet (physical memory assigned to process): 277M, peak: 284M
current process commit charge ("private bytes"): 439M, peak: 604M

vm_info: OpenJDK 64-Bit Server VM (21.0.8+-14196175-b1038.72) for windows-amd64 JRE (21.0.8+-14196175-b1038.72), built on 2025-10-01T10:24:33Z by "builder" with MS VC++ 16.10 / 16.11 (VS2019)

END.
